<?xml version="1.0" encoding="UTF-8"?>
<!-- Generated by org.testng.reporters.JUnitXMLReporter -->
<testsuite ignored="0" hostname="DESKTOP-8R9TJ4L" failures="0" tests="5" name="Test" time="93.286" errors="0" timestamp="24 Jun 2021 07:09:15 GMT">
  <testcase classname="com.qa.testscript.TC_Medplus" name="MedplusLogin" time="13.38"/>
  <testcase classname="com.qa.testscript.TC_Medplus" name="MedplusSearch" time="20.392"/>
  <testcase classname="com.qa.testscript.TC_Medplus" name="MedplusSearch" time="20.889"/>
  <testcase classname="com.qa.testscript.TC_Medplus" name="MedplusSearch" time="20.783"/>
  <testcase classname="com.qa.testscript.TC_Medplus" name="medplussignout" time="4.687"/>
</testsuite> <!-- Test -->
